#
# A fatal error has been detected by the Java Runtime Environment:
#
#  SIGSEGV (0xb) at pc=0x00000001285a96dc, pid=12729, tid=0x0000000000000307
#
# JRE version: Java(TM) SE Runtime Environment (8.0_121-b13) (build 1.8.0_121-b13)
# Java VM: Java HotSpot(TM) 64-Bit Server VM (25.121-b13 mixed mode bsd-amd64 compressed oops)
# Problematic frame:
# C  [liblwjgl_opengl.dylib+0x106dc]
[error occurred during error reporting (printing problematic frame), id 0xe0000000]

# Failed to write core dump. Core dumps have been disabled. To enable core dumping, try "ulimit -c unlimited" before starting Java again
#
# If you would like to submit a bug report, please visit:
#   http://bugreport.java.com/bugreport/crash.jsp
# The crash happened outside the Java Virtual Machine in native code.
# See problematic frame for where to report the bug.
#

---------------  T H R E A D  ---------------

Current thread (0x00007fcbc2004000):  JavaThread "main" [_thread_in_native, id=775, stack(0x00007ffedfdd2000,0x00007ffee05d2000)]

siginfo: si_signo: 11 (SIGSEGV), si_code: 1 (SEGV_MAPERR), si_addr: 0x0000000000000878

Registers:
RAX=0x0000000000000000, RBX=0x000000011228d710, RCX=0x0000000110822370, RDX=0x0000000000000008
RSP=0x00007ffee05cc3f8, RBP=0x00007ffee05cc440, RSI=0x00007ffee05cc450, RDI=0x00007fcbc20041f8
R8 =0x0000000000000030, R9 =0x0000000000000000, R10=0x00000001132fec58, R11=0x00000001104e4067
R12=0x0000000000000000, R13=0x000000011228d708, R14=0x00007ffee05cc458, R15=0x00007fcbc2004000
RIP=0x00000001285a96dc, EFLAGS=0x0000000000010216, ERR=0x0000000000000004
  TRAPNO=0x000000000000000e

Top of Stack: (sp=0x00007ffee05cc3f8)
0x00007ffee05cc3f8:   00000001132fec84 00007ffee05cc400
0x00007ffee05cc408:   000000011228d708 00007ffee05cc458
0x00007ffee05cc418:   00000001122a2028 0000000000000000
0x00007ffee05cc428:   000000011228d710 0000000000000000
0x00007ffee05cc438:   00007ffee05cc460 00007ffee05cc4a8
0x00007ffee05cc448:   00000001132e6d80 0000000795a5b758
0x00007ffee05cc458:   00000001132f5476 0000000795a06ba8
0x00007ffee05cc468:   00007ffee05cc468 000000011228928d
0x00007ffee05cc478:   00007ffee05cc4b8 0000000112289d58
0x00007ffee05cc488:   0000000000000000 00000001122892d0
0x00007ffee05cc498:   00007ffee05cc460 00007ffee05cc4b8
0x00007ffee05cc4a8:   00007ffee05cc510 00000001132e733d
0x00007ffee05cc4b8:   0000000795a06ba8 0000000795a06ba8
0x00007ffee05cc4c8:   00000007959b1b40 00007ffee05cc4d0
0x00007ffee05cc4d8:   000000011224886d 00007ffee05cc528
0x00007ffee05cc4e8:   0000000112248e50 0000000000000000
0x00007ffee05cc4f8:   00000001122488d0 00007ffee05cc4b8
0x00007ffee05cc508:   00007ffee05cc520 00007ffee05cc570
0x00007ffee05cc518:   00000001132e733d 000000079569cb18
0x00007ffee05cc528:   00000007959b1b40 00007ffee05cc530
0x00007ffee05cc538:   000000011221107b 00007ffee05cc590
0x00007ffee05cc548:   00000001122151a8 0000000000000000
0x00007ffee05cc558:   00000001122110f8 00007ffee05cc520
0x00007ffee05cc568:   00007ffee05cc588 00007ffee05cc5d8
0x00007ffee05cc578:   00000001132e733d 0000000000000000
0x00007ffee05cc588:   000000079569cb18 0000000795698028
0x00007ffee05cc598:   00007ffee05cc598 0000000112210d36
0x00007ffee05cc5a8:   00007ffee05cc5f8 00000001122151a8
0x00007ffee05cc5b8:   0000000000000000 0000000112210d88
0x00007ffee05cc5c8:   00007ffee05cc588 00007ffee05cc5f0
0x00007ffee05cc5d8:   00007ffee05cc640 00000001132e733d
0x00007ffee05cc5e8:   0000000795976060 000000079569cb18 

Instructions: (pc=0x00000001285a96dc)
0x00000001285a96bc:   8b 80 b8 15 00 00 89 d7 89 ce 4c 89 c2 5d ff e0
0x00000001285a96cc:   0f 1f 40 00 55 48 89 e5 48 8b 07 48 8b 40 18 5d
0x00000001285a96dc:   ff a0 78 08 00 00 66 66 66 66 66 2e 0f 1f 84 00
0x00000001285a96ec:   00 00 00 00 55 48 89 e5 48 8b 07 48 8b 40 18 89 

Register to memory mapping:

RAX=0x0000000000000000 is an unknown value
RBX={method} {0x000000011228d710} 'glCreateProgram' '()I' in 'org/lwjgl/opengl/GL20'
RCX=0x0000000110822370: UseMembar+0 in /Library/Java/JavaVirtualMachines/jdk1.8.0_121.jdk/Contents/Home/jre/lib/server/libjvm.dylib at 0x0000000110000000
RDX=0x0000000000000008 is an unknown value
RSP=0x00007ffee05cc3f8 is pointing into the stack for thread: 0x00007fcbc2004000
RBP=0x00007ffee05cc440 is pointing into the stack for thread: 0x00007fcbc2004000
RSI=0x00007ffee05cc450 is pointing into the stack for thread: 0x00007fcbc2004000
RDI=0x00007fcbc20041f8 is an unknown value
R8 =0x0000000000000030 is an unknown value
R9 =0x0000000000000000 is an unknown value
R10=0x00000001132fec58 is at code_begin+1528 in an Interpreter codelet
method entry point (kind = native)  [0x00000001132fe660, 0x00000001132ff580]  3872 bytes
R11=0x00000001104e4067: throw_unsatisfied_link_error+0 in /Library/Java/JavaVirtualMachines/jdk1.8.0_121.jdk/Contents/Home/jre/lib/server/libjvm.dylib at 0x0000000110000000
R12=0x0000000000000000 is an unknown value
R13=0x000000011228d708 is pointing into metadata
R14=0x00007ffee05cc458 is pointing into the stack for thread: 0x00007fcbc2004000
R15=0x00007fcbc2004000 is a thread


Stack: [0x00007ffedfdd2000,0x00007ffee05d2000],  sp=0x00007ffee05cc3f8,  free space=8168k
Native frames: (J=compiled Java code, j=interpreted, Vv=VM code, C=native code)
C  [liblwjgl_opengl.dylib+0x106dc]
[error occurred during error reporting (printing native stack), id 0xe0000000]

Java frames: (J=compiled Java code, j=interpreted, Vv=VM code)
j  org.lwjgl.opengl.GL20.glCreateProgram()I+0
j  engine.graph.ShaderProgram.<init>()V+5
j  engine.graph.Renderer.init(Lengine/Window;)V+5
j  world.World.hooks(Lengine/Window;)V+35
j  world.World.<init>(Lengine/Window;)V+70
j  world.StopWorld.<init>(Lengine/Window;)V+2
j  Main.main([Ljava/lang/String;)V+20
v  ~StubRoutines::call_stub

---------------  P R O C E S S  ---------------

Java Threads: ( => current thread )
  0x00007fcbc180c800 JavaThread "Service Thread" daemon [_thread_blocked, id=19203, stack(0x00007000076d2000,0x00007000077d2000)]
  0x00007fcbc101b800 JavaThread "C1 CompilerThread2" daemon [_thread_blocked, id=18691, stack(0x00007000075cf000,0x00007000076cf000)]
  0x00007fcbc1010000 JavaThread "C2 CompilerThread1" daemon [_thread_blocked, id=18179, stack(0x00007000074cc000,0x00007000075cc000)]
  0x00007fcbc0841800 JavaThread "C2 CompilerThread0" daemon [_thread_blocked, id=17667, stack(0x00007000073c9000,0x00007000074c9000)]
  0x00007fcbc201e000 JavaThread "JDWP Command Reader" daemon [_thread_in_native, id=17155, stack(0x00007000072c6000,0x00007000073c6000)]
  0x00007fcbc201d000 JavaThread "JDWP Event Helper Thread" daemon [_thread_blocked, id=16643, stack(0x00007000071c3000,0x00007000072c3000)]
  0x00007fcbc083f000 JavaThread "JDWP Transport Listener: dt_socket" daemon [_thread_blocked, id=16135, stack(0x00007000070c0000,0x00007000071c0000)]
  0x00007fcbc201c800 JavaThread "Signal Dispatcher" daemon [_thread_blocked, id=15619, stack(0x0000700006fbd000,0x00007000070bd000)]
  0x00007fcbc1005800 JavaThread "Finalizer" daemon [_thread_blocked, id=12035, stack(0x0000700006eba000,0x0000700006fba000)]
  0x00007fcbc2039000 JavaThread "Reference Handler" daemon [_thread_blocked, id=11523, stack(0x0000700006db7000,0x0000700006eb7000)]
=>0x00007fcbc2004000 JavaThread "main" [_thread_in_native, id=775, stack(0x00007ffedfdd2000,0x00007ffee05d2000)]

Other Threads:
  0x00007fcbc1003000 VMThread [stack: 0x0000700006cb4000,0x0000700006db4000] [id=11011]
  0x00007fcbc180d800 WatcherThread [stack: 0x00007000077d5000,0x00007000078d5000] [id=19715]

VM state:not at safepoint (normal execution)

VM Mutex/Monitor currently owned by a thread: None

Heap:
 PSYoungGen      total 38400K, used 9496K [0x0000000795580000, 0x0000000798000000, 0x00000007c0000000)
  eden space 33280K, 28% used [0x0000000795580000,0x0000000795ec6210,0x0000000797600000)
  from space 5120K, 0% used [0x0000000797b00000,0x0000000797b00000,0x0000000798000000)
  to   space 5120K, 0% used [0x0000000797600000,0x0000000797600000,0x0000000797b00000)
 ParOldGen       total 87552K, used 0K [0x0000000740000000, 0x0000000745580000, 0x0000000795580000)
  object space 87552K, 0% used [0x0000000740000000,0x0000000740000000,0x0000000745580000)
 Metaspace       used 6269K, capacity 6478K, committed 6656K, reserved 1056768K
  class space    used 662K, capacity 737K, committed 768K, reserved 1048576K

Card table byte_map: [0x0000000111362000,0x0000000111763000] byte_map_base: 0x000000010d962000

Marking Bits: (ParMarkBitMap*) 0x00000001108f0d30
 Begin Bits: [0x00000001222df000, 0x00000001242df000)
 End Bits:   [0x00000001242df000, 0x00000001262df000)

Polling page: 0x000000010f6aa000

CodeCache: size=245760Kb used=2161Kb max_used=2161Kb free=243598Kb
 bounds [0x00000001132df000, 0x000000011354f000, 0x00000001222df000]
 total_blobs=838 nmethods=492 adapters=268
 compilation: enabled

Compilation events (10 events):
Event: 0.634 Thread 0x00007fcbc101b800  488       3       java.util.WeakHashMap::indexFor (6 bytes)
Event: 0.634 Thread 0x00007fcbc101b800 nmethod 488 0x00000001134fa250 code [0x00000001134fa3a0, 0x00000001134fa4d0]
Event: 0.634 Thread 0x00007fcbc101b800  489  s    3       java.util.Vector::addElement (38 bytes)
Event: 0.635 Thread 0x00007fcbc101b800 nmethod 489 0x00000001134fa750 code [0x00000001134fa8e0, 0x00000001134fae28]
Event: 0.635 Thread 0x00007fcbc101b800  490       3       java.util.Vector::elementData (7 bytes)
Event: 0.635 Thread 0x00007fcbc101b800 nmethod 490 0x00000001134fb050 code [0x00000001134fb1c0, 0x00000001134fb350]
Event: 0.636 Thread 0x00007fcbc101b800  491       3       java.nio.charset.CharsetDecoder::reset (11 bytes)
Event: 0.636 Thread 0x00007fcbc101b800 nmethod 491 0x00000001134fb450 code [0x00000001134fb5c0, 0x00000001134fb7f0]
Event: 0.636 Thread 0x00007fcbc101b800  492       3       java.nio.charset.CharsetDecoder::implReset (1 bytes)
Event: 0.637 Thread 0x00007fcbc101b800 nmethod 492 0x00000001134fb890 code [0x00000001134fb9e0, 0x00000001134fbb30]

GC Heap History (0 events):
No events

Deoptimization events (3 events):
Event: 0.215 Thread 0x00007fcbc2004000 Uncommon trap: reason=unstable_if action=reinterpret pc=0x00000001133e9e4c method=java.lang.String.hashCode()I @ 14
Event: 0.240 Thread 0x00007fcbc2004000 Uncommon trap: reason=unstable_if action=reinterpret pc=0x00000001133ed320 method=java.lang.String.indexOf(II)I @ 49
Event: 0.599 Thread 0x00007fcbc2004000 Uncommon trap: reason=unstable_if action=reinterpret pc=0x00000001134c4734 method=java.lang.String.replace(CC)Ljava/lang/String; @ 26

Internal exceptions (10 events):
Event: 0.037 Thread 0x00007fcbc2004000 Exception <a 'java/lang/NoSuchMethodError': Method sun.misc.Unsafe.defineClass(Ljava/lang/String;[BII)Ljava/lang/Class; name or signature does not match> (0x0000000795587ca8) thrown at [/Users/java_re/workspace/8-2-build-macosx-x86_64/jdk8u121/8372/hotspo
Event: 0.038 Thread 0x00007fcbc2004000 Exception <a 'java/lang/NoSuchMethodError': Method sun.misc.Unsafe.prefetchRead(Ljava/lang/Object;J)V name or signature does not match> (0x0000000795587f90) thrown at [/Users/java_re/workspace/8-2-build-macosx-x86_64/jdk8u121/8372/hotspot/src/share/vm/pri
Event: 0.330 Thread 0x00007fcbc2004000 Exception <a 'java/lang/NullPointerException'> (0x0000000795976060) thrown at [/Users/java_re/workspace/8-2-build-macosx-x86_64/jdk8u121/8372/hotspot/src/share/vm/interpreter/linkResolver.cpp, line 1178]
Event: 0.490 Thread 0x00007fcbc2004000 Exception <a 'java/lang/NoSuchFieldError': method resolution failed> (0x0000000795b98e38) thrown at [/Users/java_re/workspace/8-2-build-macosx-x86_64/jdk8u121/8372/hotspot/src/share/vm/prims/methodHandles.cpp, line 1146]
Event: 0.493 Thread 0x00007fcbc2004000 Exception <a 'java/lang/NoSuchFieldError': method resolution failed> (0x0000000795ba6208) thrown at [/Users/java_re/workspace/8-2-build-macosx-x86_64/jdk8u121/8372/hotspot/src/share/vm/prims/methodHandles.cpp, line 1146]
Event: 0.548 Thread 0x00007fcbc2004000 Exception <a 'java/lang/NoSuchMethodError': java.lang.Object.lambda$static$0(Ljava/lang/String;)Ljava/lang/Boolean;> (0x0000000795ccbe38) thrown at [/Users/java_re/workspace/8-2-build-macosx-x86_64/jdk8u121/8372/hotspot/src/share/vm/interpreter/linkResolv
Event: 0.561 Thread 0x00007fcbc2004000 Exception <a 'java/security/PrivilegedActionException'> (0x0000000795d052a8) thrown at [/Users/java_re/workspace/8-2-build-macosx-x86_64/jdk8u121/8372/hotspot/src/share/vm/prims/jvm.cpp, line 1390]
Event: 0.561 Thread 0x00007fcbc2004000 Exception <a 'java/security/PrivilegedActionException'> (0x0000000795d054b8) thrown at [/Users/java_re/workspace/8-2-build-macosx-x86_64/jdk8u121/8372/hotspot/src/share/vm/prims/jvm.cpp, line 1390]
Event: 0.561 Thread 0x00007fcbc2004000 Exception <a 'java/security/PrivilegedActionException'> (0x0000000795d089d0) thrown at [/Users/java_re/workspace/8-2-build-macosx-x86_64/jdk8u121/8372/hotspot/src/share/vm/prims/jvm.cpp, line 1390]
Event: 0.561 Thread 0x00007fcbc2004000 Exception <a 'java/security/PrivilegedActionException'> (0x0000000795d08be0) thrown at [/Users/java_re/workspace/8-2-build-macosx-x86_64/jdk8u121/8372/hotspot/src/share/vm/prims/jvm.cpp, line 1390]

Events (10 events):
Event: 0.636 Thread 0x00007fcbc2004000 DEOPT PACKING pc=0x0000000113462d94 sp=0x00007ffee05c7bf0
Event: 0.636 Thread 0x00007fcbc2004000 DEOPT UNPACKING pc=0x0000000113326633 sp=0x00007ffee05c7a30 mode 1
Event: 0.636 Thread 0x00007fcbc2004000 DEOPT PACKING pc=0x0000000113462b34 sp=0x00007ffee05c7d80
Event: 0.636 Thread 0x00007fcbc2004000 DEOPT UNPACKING pc=0x0000000113326633 sp=0x00007ffee05c7bd8 mode 1
Event: 0.636 loading class org/lwjgl/system/SharedLibrary$Delegate
Event: 0.636 loading class org/lwjgl/system/SharedLibrary$Delegate done
Event: 0.636 Thread 0x00007fcbc2004000 DEOPT PACKING pc=0x0000000113462d94 sp=0x00007ffee05c5950
Event: 0.636 Thread 0x00007fcbc2004000 DEOPT UNPACKING pc=0x0000000113326633 sp=0x00007ffee05c5790 mode 1
Event: 0.636 Thread 0x00007fcbc2004000 DEOPT PACKING pc=0x0000000113462b34 sp=0x00007ffee05c5ae0
Event: 0.636 Thread 0x00007fcbc2004000 DEOPT UNPACKING pc=0x0000000113326633 sp=0x00007ffee05c5938 mode 1


Dynamic libraries:
0x00000000182a1000 	/System/Library/Frameworks/Cocoa.framework/Versions/A/Cocoa
0x00000000182a1000 	/System/Library/Frameworks/Security.framework/Versions/A/Security
0x00000000182a1000 	/System/Library/Frameworks/ApplicationServices.framework/Versions/A/ApplicationServices
0x00000000182a1000 	/usr/lib/libz.1.dylib
0x00000000182a1000 	/usr/lib/libSystem.B.dylib
0x00000000182a1000 	/usr/lib/libobjc.A.dylib
0x00000000182a1000 	/System/Library/Frameworks/CoreFoundation.framework/Versions/A/CoreFoundation
0x00000000182a1000 	/System/Library/Frameworks/Foundation.framework/Versions/C/Foundation
0x00000000182a1000 	/System/Library/Frameworks/AppKit.framework/Versions/C/AppKit
0x00000000182a1000 	/System/Library/Frameworks/CoreData.framework/Versions/A/CoreData
0x00000000182a1000 	/System/Library/PrivateFrameworks/RemoteViewServices.framework/Versions/A/RemoteViewServices
0x00000000182a1000 	/System/Library/PrivateFrameworks/UIFoundation.framework/Versions/A/UIFoundation
0x00000000182a1000 	/System/Library/PrivateFrameworks/DFRFoundation.framework/Versions/A/DFRFoundation
0x00000000182a1000 	/System/Library/Frameworks/Metal.framework/Versions/A/Metal
0x00000000182a1000 	/System/Library/PrivateFrameworks/DesktopServicesPriv.framework/Versions/A/DesktopServicesPriv
0x00000000182a1000 	/usr/lib/libenergytrace.dylib
0x00000000182a1000 	/System/Library/PrivateFrameworks/SkyLight.framework/Versions/A/SkyLight
0x00000000182a1000 	/System/Library/Frameworks/CoreGraphics.framework/Versions/A/CoreGraphics
0x00000000182a1000 	/usr/lib/libScreenReader.dylib
0x00000000182a1000 	/System/Library/Frameworks/Accelerate.framework/Versions/A/Accelerate
0x00000000182a1000 	/System/Library/Frameworks/IOSurface.framework/Versions/A/IOSurface
0x00000000182a1000 	/System/Library/Frameworks/AudioToolbox.framework/Versions/A/AudioToolbox
0x00000000182a1000 	/System/Library/Frameworks/AudioUnit.framework/Versions/A/AudioUnit
0x00000000182a1000 	/System/Library/PrivateFrameworks/DataDetectorsCore.framework/Versions/A/DataDetectorsCore
0x00000000182a1000 	/System/Library/Frameworks/Carbon.framework/Versions/A/Frameworks/HIToolbox.framework/Versions/A/HIToolbox
0x00000000182a1000 	/usr/lib/libicucore.A.dylib
0x00000000182a1000 	/System/Library/Frameworks/QuartzCore.framework/Versions/A/QuartzCore
0x00000000182a1000 	/System/Library/Frameworks/Carbon.framework/Versions/A/Frameworks/SpeechRecognition.framework/Versions/A/SpeechRecognition
0x00000000182a1000 	/usr/lib/libauto.dylib
0x00000000182a1000 	/usr/lib/libxml2.2.dylib
0x00000000182a1000 	/System/Library/PrivateFrameworks/CoreUI.framework/Versions/A/CoreUI
0x00000000182a1000 	/System/Library/Frameworks/CoreAudio.framework/Versions/A/CoreAudio
0x00000000182a1000 	/System/Library/Frameworks/DiskArbitration.framework/Versions/A/DiskArbitration
0x00000000182a1000 	/usr/lib/liblangid.dylib
0x00000000182a1000 	/System/Library/PrivateFrameworks/MultitouchSupport.framework/Versions/A/MultitouchSupport
0x00000000182a1000 	/System/Library/Frameworks/IOKit.framework/Versions/A/IOKit
0x00000000182a1000 	/usr/lib/libDiagnosticMessagesClient.dylib
0x00000000182a1000 	/System/Library/Frameworks/CoreServices.framework/Versions/A/CoreServices
0x00000000182a1000 	/System/Library/PrivateFrameworks/PerformanceAnalysis.framework/Versions/A/PerformanceAnalysis
0x00000000182a1000 	/System/Library/Frameworks/OpenGL.framework/Versions/A/OpenGL
0x00000000182a1000 	/System/Library/Frameworks/ColorSync.framework/Versions/A/ColorSync
0x00000000182a1000 	/System/Library/Frameworks/CoreImage.framework/Versions/A/CoreImage
0x00000000182a1000 	/System/Library/Frameworks/CoreText.framework/Versions/A/CoreText
0x00000000182a1000 	/System/Library/Frameworks/ImageIO.framework/Versions/A/ImageIO
0x00000000182a1000 	/System/Library/PrivateFrameworks/Backup.framework/Versions/A/Backup
0x00000000182a1000 	/usr/lib/libarchive.2.dylib
0x00000000182a1000 	/System/Library/Frameworks/CFNetwork.framework/Versions/A/CFNetwork
0x00000000182a1000 	/System/Library/Frameworks/SystemConfiguration.framework/Versions/A/SystemConfiguration
0x00000000182a1000 	/usr/lib/libCRFSuite.dylib
0x00000000182a1000 	/usr/lib/libc++.1.dylib
0x00000000182a1000 	/usr/lib/libc++abi.dylib
0x00000000182a1000 	/usr/lib/system/libcache.dylib
0x00000000182a1000 	/usr/lib/system/libcommonCrypto.dylib
0x00000000182a1000 	/usr/lib/system/libcompiler_rt.dylib
0x00000000182a1000 	/usr/lib/system/libcopyfile.dylib
0x00000000182a1000 	/usr/lib/system/libcorecrypto.dylib
0x00000000182a1000 	/usr/lib/system/libdispatch.dylib
0x00000000182a1000 	/usr/lib/system/libdyld.dylib
0x00000000182a1000 	/usr/lib/system/libkeymgr.dylib
0x00000000182a1000 	/usr/lib/system/liblaunch.dylib
0x00000000182a1000 	/usr/lib/system/libmacho.dylib
0x00000000182a1000 	/usr/lib/system/libquarantine.dylib
0x00000000182a1000 	/usr/lib/system/libremovefile.dylib
0x00000000182a1000 	/usr/lib/system/libsystem_asl.dylib
0x00000000182a1000 	/usr/lib/system/libsystem_blocks.dylib
0x00000000182a1000 	/usr/lib/system/libsystem_c.dylib
0x00000000182a1000 	/usr/lib/system/libsystem_configuration.dylib
0x00000000182a1000 	/usr/lib/system/libsystem_coreservices.dylib
0x00000000182a1000 	/usr/lib/system/libsystem_darwin.dylib
0x00000000182a1000 	/usr/lib/system/libsystem_dnssd.dylib
0x00000000182a1000 	/usr/lib/system/libsystem_info.dylib
0x00000000182a1000 	/usr/lib/system/libsystem_m.dylib
0x00000000182a1000 	/usr/lib/system/libsystem_malloc.dylib
0x00000000182a1000 	/usr/lib/system/libsystem_network.dylib
0x00000000182a1000 	/usr/lib/system/libsystem_networkextension.dylib
0x00000000182a1000 	/usr/lib/system/libsystem_notify.dylib
0x00000000182a1000 	/usr/lib/system/libsystem_sandbox.dylib
0x00000000182a1000 	/usr/lib/system/libsystem_secinit.dylib
0x00000000182a1000 	/usr/lib/system/libsystem_kernel.dylib
0x00000000182a1000 	/usr/lib/system/libsystem_platform.dylib
0x00000000182a1000 	/usr/lib/system/libsystem_pthread.dylib
0x00000000182a1000 	/usr/lib/system/libsystem_symptoms.dylib
0x00000000182a1000 	/usr/lib/system/libsystem_trace.dylib
0x00000000182a1000 	/usr/lib/system/libunwind.dylib
0x00000000182a1000 	/usr/lib/system/libxpc.dylib
0x00000000182a1000 	/usr/lib/closure/libclosured.dylib
0x00000000182a1000 	/usr/lib/libbsm.0.dylib
0x00000000182a1000 	/usr/lib/system/libkxld.dylib
0x00000000182a1000 	/usr/lib/libOpenScriptingUtil.dylib
0x00000000182a1000 	/usr/lib/libcoretls.dylib
0x00000000182a1000 	/usr/lib/libcoretls_cfhelpers.dylib
0x00000000182a1000 	/usr/lib/libpam.2.dylib
0x00000000182a1000 	/usr/lib/libsqlite3.dylib
0x00000000182a1000 	/usr/lib/libxar.1.dylib
0x00000000182a1000 	/usr/lib/libbz2.1.0.dylib
0x00000000182a1000 	/usr/lib/liblzma.5.dylib
0x00000000182a1000 	/usr/lib/libnetwork.dylib
0x00000000182a1000 	/usr/lib/libapple_nghttp2.dylib
0x00000000182a1000 	/usr/lib/libpcap.A.dylib
0x00000000182a1000 	/usr/lib/libboringssl.dylib
0x00000000182a1000 	/usr/lib/libusrtcp.dylib
0x00000000182a1000 	/usr/lib/libapple_crypto.dylib
0x00000000182a1000 	/System/Library/Frameworks/CoreServices.framework/Versions/A/Frameworks/FSEvents.framework/Versions/A/FSEvents
0x00000000182a1000 	/System/Library/Frameworks/CoreServices.framework/Versions/A/Frameworks/CarbonCore.framework/Versions/A/CarbonCore
0x00000000182a1000 	/System/Library/Frameworks/CoreServices.framework/Versions/A/Frameworks/Metadata.framework/Versions/A/Metadata
0x00000000182a1000 	/System/Library/Frameworks/CoreServices.framework/Versions/A/Frameworks/OSServices.framework/Versions/A/OSServices
0x00000000182a1000 	/System/Library/Frameworks/CoreServices.framework/Versions/A/Frameworks/SearchKit.framework/Versions/A/SearchKit
0x00000000182a1000 	/System/Library/Frameworks/CoreServices.framework/Versions/A/Frameworks/AE.framework/Versions/A/AE
0x00000000182a1000 	/System/Library/Frameworks/CoreServices.framework/Versions/A/Frameworks/LaunchServices.framework/Versions/A/LaunchServices
0x00000000182a1000 	/System/Library/Frameworks/CoreServices.framework/Versions/A/Frameworks/DictionaryServices.framework/Versions/A/DictionaryServices
0x00000000182a1000 	/System/Library/Frameworks/CoreServices.framework/Versions/A/Frameworks/SharedFileList.framework/Versions/A/SharedFileList
0x00000000182a1000 	/System/Library/Frameworks/NetFS.framework/Versions/A/NetFS
0x00000000182a1000 	/System/Library/PrivateFrameworks/NetAuth.framework/Versions/A/NetAuth
0x00000000182a1000 	/System/Library/PrivateFrameworks/login.framework/Versions/A/Frameworks/loginsupport.framework/Versions/A/loginsupport
0x00000000182a1000 	/System/Library/PrivateFrameworks/TCC.framework/Versions/A/TCC
0x00000000182a1000 	/usr/lib/libmecabra.dylib
0x00000000182a1000 	/System/Library/Frameworks/ApplicationServices.framework/Versions/A/Frameworks/ATS.framework/Versions/A/ATS
0x00000000182a1000 	/System/Library/Frameworks/ApplicationServices.framework/Versions/A/Frameworks/ColorSyncLegacy.framework/Versions/A/ColorSyncLegacy
0x00000000182a1000 	/System/Library/Frameworks/ApplicationServices.framework/Versions/A/Frameworks/HIServices.framework/Versions/A/HIServices
0x00000000182a1000 	/System/Library/Frameworks/ApplicationServices.framework/Versions/A/Frameworks/LangAnalysis.framework/Versions/A/LangAnalysis
0x00000000182a1000 	/System/Library/Frameworks/ApplicationServices.framework/Versions/A/Frameworks/PrintCore.framework/Versions/A/PrintCore
0x00000000182a1000 	/System/Library/Frameworks/ApplicationServices.framework/Versions/A/Frameworks/QD.framework/Versions/A/QD
0x00000000182a1000 	/System/Library/Frameworks/ApplicationServices.framework/Versions/A/Frameworks/SpeechSynthesis.framework/Versions/A/SpeechSynthesis
0x00000000182a1000 	/System/Library/Frameworks/CoreDisplay.framework/Versions/A/CoreDisplay
0x00000000182a1000 	/System/Library/Frameworks/Accelerate.framework/Versions/A/Frameworks/vImage.framework/Versions/A/vImage
0x00000000182a1000 	/System/Library/Frameworks/Accelerate.framework/Versions/A/Frameworks/vecLib.framework/Versions/A/vecLib
0x00000000182a1000 	/System/Library/Frameworks/Accelerate.framework/Versions/A/Frameworks/vecLib.framework/Versions/A/libvDSP.dylib
0x00000000182a1000 	/System/Library/Frameworks/Accelerate.framework/Versions/A/Frameworks/vecLib.framework/Versions/A/libBNNS.dylib
0x00000000182a1000 	/System/Library/Frameworks/Accelerate.framework/Versions/A/Frameworks/vecLib.framework/Versions/A/libQuadrature.dylib
0x00000000182a1000 	/System/Library/Frameworks/Accelerate.framework/Versions/A/Frameworks/vecLib.framework/Versions/A/libvMisc.dylib
0x00000000182a1000 	/System/Library/Frameworks/Accelerate.framework/Versions/A/Frameworks/vecLib.framework/Versions/A/libLAPACK.dylib
0x00000000182a1000 	/System/Library/Frameworks/Accelerate.framework/Versions/A/Frameworks/vecLib.framework/Versions/A/libBLAS.dylib
0x00000000182a1000 	/System/Library/Frameworks/Accelerate.framework/Versions/A/Frameworks/vecLib.framework/Versions/A/libLinearAlgebra.dylib
0x00000000182a1000 	/System/Library/Frameworks/Accelerate.framework/Versions/A/Frameworks/vecLib.framework/Versions/A/libSparse.dylib
0x00000000182a1000 	/System/Library/Frameworks/Accelerate.framework/Versions/A/Frameworks/vecLib.framework/Versions/A/libSparseBLAS.dylib
0x00000000182a1000 	/System/Library/PrivateFrameworks/IOAccelerator.framework/Versions/A/IOAccelerator
0x00000000182a1000 	/System/Library/PrivateFrameworks/IOPresentment.framework/Versions/A/IOPresentment
0x00000000182a1000 	/System/Library/PrivateFrameworks/DSExternalDisplay.framework/Versions/A/DSExternalDisplay
0x00000000182a1000 	/System/Library/Frameworks/OpenGL.framework/Versions/A/Libraries/libCoreFSCache.dylib
0x00000000182a1000 	/System/Library/Frameworks/CoreVideo.framework/Versions/A/CoreVideo
0x00000000182a1000 	/System/Library/PrivateFrameworks/GraphVisualizer.framework/Versions/A/GraphVisualizer
0x00000000182a1000 	/System/Library/Frameworks/MetalPerformanceShaders.framework/Versions/A/MetalPerformanceShaders
0x00000000182a1000 	/usr/lib/libFosl_dynamic.dylib
0x00000000182a1000 	/System/Library/PrivateFrameworks/FaceCore.framework/Versions/A/FaceCore
0x00000000182a1000 	/System/Library/Frameworks/OpenCL.framework/Versions/A/OpenCL
0x00000000182a1000 	/usr/lib/libcompression.dylib
0x00000000182a1000 	/System/Library/Frameworks/ApplicationServices.framework/Versions/A/Frameworks/ATS.framework/Versions/A/Resources/libFontParser.dylib
0x00000000182a1000 	/System/Library/Frameworks/ApplicationServices.framework/Versions/A/Frameworks/ATS.framework/Versions/A/Resources/libFontRegistry.dylib
0x00000000182a1000 	/System/Library/Frameworks/ImageIO.framework/Versions/A/Resources/libJPEG.dylib
0x00000000182a1000 	/System/Library/Frameworks/ImageIO.framework/Versions/A/Resources/libTIFF.dylib
0x00000000182a1000 	/System/Library/Frameworks/ImageIO.framework/Versions/A/Resources/libPng.dylib
0x00000000182a1000 	/System/Library/Frameworks/ImageIO.framework/Versions/A/Resources/libGIF.dylib
0x00000000182a1000 	/System/Library/Frameworks/ImageIO.framework/Versions/A/Resources/libJP2.dylib
0x00000000182a1000 	/System/Library/Frameworks/ImageIO.framework/Versions/A/Resources/libRadiance.dylib
0x00000000182a1000 	/System/Library/PrivateFrameworks/AppleJPEG.framework/Versions/A/AppleJPEG
0x00000000182a1000 	/System/Library/PrivateFrameworks/MetalTools.framework/Versions/A/MetalTools
0x00000000182a1000 	/System/Library/Frameworks/MetalPerformanceShaders.framework/Frameworks/MPSCore.framework/Versions/A/MPSCore
0x00000000182a1000 	/System/Library/Frameworks/MetalPerformanceShaders.framework/Frameworks/MPSImage.framework/Versions/A/MPSImage
0x00000000182a1000 	/System/Library/Frameworks/MetalPerformanceShaders.framework/Frameworks/MPSMatrix.framework/Versions/A/MPSMatrix
0x00000000182a1000 	/System/Library/Frameworks/MetalPerformanceShaders.framework/Frameworks/MPSNeuralNetwork.framework/Versions/A/MPSNeuralNetwork
0x00000000182a1000 	/System/Library/Frameworks/OpenGL.framework/Versions/A/Libraries/libGLU.dylib
0x00000000182a1000 	/System/Library/Frameworks/OpenGL.framework/Versions/A/Libraries/libGFXShared.dylib
0x00000000182a1000 	/System/Library/Frameworks/OpenGL.framework/Versions/A/Libraries/libGL.dylib
0x00000000182a1000 	/System/Library/Frameworks/OpenGL.framework/Versions/A/Libraries/libGLImage.dylib
0x00000000182a1000 	/System/Library/Frameworks/OpenGL.framework/Versions/A/Libraries/libCVMSPluginSupport.dylib
0x00000000182a1000 	/System/Library/Frameworks/OpenGL.framework/Versions/A/Libraries/libCoreVMClient.dylib
0x00000000182a1000 	/usr/lib/libcups.2.dylib
0x00000000182a1000 	/System/Library/Frameworks/Kerberos.framework/Versions/A/Kerberos
0x00000000182a1000 	/System/Library/Frameworks/GSS.framework/Versions/A/GSS
0x00000000182a1000 	/usr/lib/libresolv.9.dylib
0x00000000182a1000 	/usr/lib/libiconv.2.dylib
0x00000000182a1000 	/System/Library/PrivateFrameworks/Heimdal.framework/Versions/A/Heimdal
0x00000000182a1000 	/usr/lib/libheimdal-asn1.dylib
0x00000000182a1000 	/System/Library/Frameworks/OpenDirectory.framework/Versions/A/OpenDirectory
0x00000000182a1000 	/System/Library/PrivateFrameworks/CommonAuth.framework/Versions/A/CommonAuth
0x00000000182a1000 	/System/Library/Frameworks/OpenDirectory.framework/Versions/A/Frameworks/CFOpenDirectory.framework/Versions/A/CFOpenDirectory
0x00000000182a1000 	/System/Library/Frameworks/SecurityFoundation.framework/Versions/A/SecurityFoundation
0x00000000182a1000 	/System/Library/PrivateFrameworks/APFS.framework/Versions/A/APFS
0x00000000182a1000 	/usr/lib/libutil.dylib
0x00000000182a1000 	/System/Library/PrivateFrameworks/AppleSauce.framework/Versions/A/AppleSauce
0x00000000182a1000 	/System/Library/PrivateFrameworks/LinguisticData.framework/Versions/A/LinguisticData
0x00000000182a1000 	/usr/lib/libmarisa.dylib
0x00000000182a1000 	/System/Library/PrivateFrameworks/Lexicon.framework/Versions/A/Lexicon
0x00000000182a1000 	/usr/lib/libChineseTokenizer.dylib
0x00000000182a1000 	/usr/lib/libcmph.dylib
0x00000000182a1000 	/System/Library/PrivateFrameworks/LanguageModeling.framework/Versions/A/LanguageModeling
0x00000000182a1000 	/System/Library/PrivateFrameworks/CoreEmoji.framework/Versions/A/CoreEmoji
0x00000000182a1000 	/System/Library/Frameworks/ServiceManagement.framework/Versions/A/ServiceManagement
0x00000000182a1000 	/System/Library/PrivateFrameworks/BackgroundTaskManagement.framework/Versions/A/BackgroundTaskManagement
0x00000000182a1000 	/usr/lib/libxslt.1.dylib
0x00000000182a1000 	/System/Library/Frameworks/Carbon.framework/Versions/A/Frameworks/Ink.framework/Versions/A/Ink
0x00000000182a1000 	/System/Library/PrivateFrameworks/TextureIO.framework/Versions/A/TextureIO
0x00000000182a1000 	/usr/lib/libate.dylib
0x00000000182a1000 	/System/Library/PrivateFrameworks/CrashReporterSupport.framework/Versions/A/CrashReporterSupport
0x00000000182a1000 	/System/Library/PrivateFrameworks/Sharing.framework/Versions/A/Sharing
0x00000000182a1000 	/System/Library/PrivateFrameworks/IconServices.framework/Versions/A/IconServices
0x00000000182a1000 	/System/Library/PrivateFrameworks/ProtocolBuffer.framework/Versions/A/ProtocolBuffer
0x00000000182a1000 	/System/Library/PrivateFrameworks/Apple80211.framework/Versions/A/Apple80211
0x00000000182a1000 	/System/Library/Frameworks/CoreWLAN.framework/Versions/A/CoreWLAN
0x00000000182a1000 	/System/Library/PrivateFrameworks/CoreUtils.framework/Versions/A/CoreUtils
0x00000000182a1000 	/System/Library/Frameworks/IOBluetooth.framework/Versions/A/IOBluetooth
0x00000000182a1000 	/System/Library/PrivateFrameworks/CoreWiFi.framework/Versions/A/CoreWiFi
0x00000000182a1000 	/System/Library/Frameworks/CoreBluetooth.framework/Versions/A/CoreBluetooth
0x00000000182a1000 	/System/Library/PrivateFrameworks/SignpostNotification.framework/Versions/A/SignpostNotification
0x00000000182a1000 	/System/Library/PrivateFrameworks/DebugSymbols.framework/Versions/A/DebugSymbols
0x00000000182a1000 	/System/Library/PrivateFrameworks/CoreSymbolication.framework/Versions/A/CoreSymbolication
0x00000000182a1000 	/System/Library/PrivateFrameworks/Symbolication.framework/Versions/A/Symbolication
0x00000000182a1000 	/System/Library/PrivateFrameworks/AppleFSCompression.framework/Versions/A/AppleFSCompression
0x00000000182a1000 	/System/Library/PrivateFrameworks/SpeechRecognitionCore.framework/Versions/A/SpeechRecognitionCore
0x0000000110000000 	/Library/Java/JavaVirtualMachines/jdk1.8.0_121.jdk/Contents/Home/jre/lib/server/libjvm.dylib
0x00000000182a1000 	/usr/lib/libstdc++.6.0.9.dylib
0x000000010f667000 	/Library/Java/JavaVirtualMachines/jdk1.8.0_121.jdk/Contents/Home/jre/lib/libverify.dylib
0x000000010f675000 	/Library/Java/JavaVirtualMachines/jdk1.8.0_121.jdk/Contents/Home/jre/lib/libjava.dylib
0x000000010f6ab000 	/Library/Java/JavaVirtualMachines/jdk1.8.0_121.jdk/Contents/Home/jre/lib/libjdwp.dylib
0x000000010f6f6000 	/Library/Java/JavaVirtualMachines/jdk1.8.0_121.jdk/Contents/Home/jre/lib/libnpt.dylib
0x000000010f743000 	/Library/Java/JavaVirtualMachines/jdk1.8.0_121.jdk/Contents/Home/jre/lib/libzip.dylib
0x00000000182a1000 	/System/Library/Frameworks/JavaVM.framework/Versions/A/Frameworks/JavaRuntimeSupport.framework/Versions/A/JavaRuntimeSupport
0x00000000182a1000 	/System/Library/Frameworks/JavaVM.framework/Versions/A/Frameworks/JavaNativeFoundation.framework/Versions/A/JavaNativeFoundation
0x00000000182a1000 	/System/Library/Frameworks/JavaVM.framework/Versions/A/JavaVM
0x00000000182a1000 	/System/Library/Frameworks/Carbon.framework/Versions/A/Carbon
0x00000000182a1000 	/System/Library/PrivateFrameworks/JavaLaunching.framework/Versions/A/JavaLaunching
0x00000000182a1000 	/System/Library/Frameworks/Carbon.framework/Versions/A/Frameworks/CommonPanels.framework/Versions/A/CommonPanels
0x00000000182a1000 	/System/Library/Frameworks/Carbon.framework/Versions/A/Frameworks/Help.framework/Versions/A/Help
0x00000000182a1000 	/System/Library/Frameworks/Carbon.framework/Versions/A/Frameworks/ImageCapture.framework/Versions/A/ImageCapture
0x00000000182a1000 	/System/Library/Frameworks/Carbon.framework/Versions/A/Frameworks/OpenScripting.framework/Versions/A/OpenScripting
0x00000000182a1000 	/System/Library/Frameworks/Carbon.framework/Versions/A/Frameworks/Print.framework/Versions/A/Print
0x00000000182a1000 	/System/Library/Frameworks/Carbon.framework/Versions/A/Frameworks/SecurityHI.framework/Versions/A/SecurityHI
0x000000011323a000 	/Library/Java/JavaVirtualMachines/jdk1.8.0_121.jdk/Contents/Home/jre/lib/libdt_socket.dylib
0x00000001284f8000 	/Library/Java/JavaVirtualMachines/jdk1.8.0_121.jdk/Contents/Home/jre/lib/libnio.dylib
0x0000000128508000 	/Library/Java/JavaVirtualMachines/jdk1.8.0_121.jdk/Contents/Home/jre/lib/./libnet.dylib
0x0000000128567000 	/private/var/folders/62/s8_91kqd5vq2gcrh0wmnqh2h0000gn/T/lwjglarno/3.1.3-SNAPSHOT/liblwjgl.dylib
0x0000000128599000 	/private/var/folders/62/s8_91kqd5vq2gcrh0wmnqh2h0000gn/T/lwjglarno/3.1.3-SNAPSHOT/liblwjgl_opengl.dylib

VM Arguments:
jvm_args: -agentlib:jdwp=transport=dt_socket,address=127.0.0.1:50214,suspend=y,server=n -Djava.awt.headless=true -Dfile.encoding=UTF-8 
java_command: Main
java_class_path (initial): /Library/Java/JavaVirtualMachines/jdk1.8.0_121.jdk/Contents/Home/jre/lib/charsets.jar:/Library/Java/JavaVirtualMachines/jdk1.8.0_121.jdk/Contents/Home/jre/lib/deploy.jar:/Library/Java/JavaVirtualMachines/jdk1.8.0_121.jdk/Contents/Home/jre/lib/ext/cldrdata.jar:/Library/Java/JavaVirtualMachines/jdk1.8.0_121.jdk/Contents/Home/jre/lib/ext/dnsns.jar:/Library/Java/JavaVirtualMachines/jdk1.8.0_121.jdk/Contents/Home/jre/lib/ext/jaccess.jar:/Library/Java/JavaVirtualMachines/jdk1.8.0_121.jdk/Contents/Home/jre/lib/ext/jfxrt.jar:/Library/Java/JavaVirtualMachines/jdk1.8.0_121.jdk/Contents/Home/jre/lib/ext/localedata.jar:/Library/Java/JavaVirtualMachines/jdk1.8.0_121.jdk/Contents/Home/jre/lib/ext/nashorn.jar:/Library/Java/JavaVirtualMachines/jdk1.8.0_121.jdk/Contents/Home/jre/lib/ext/sunec.jar:/Library/Java/JavaVirtualMachines/jdk1.8.0_121.jdk/Contents/Home/jre/lib/ext/sunjce_provider.jar:/Library/Java/JavaVirtualMachines/jdk1.8.0_121.jdk/Contents/Home/jre/lib/ext/sunpkcs11.jar:/Library/Java/JavaVirtualMachines/jdk1.8.0_121.jdk/Contents/Home/jre/lib/ext/zipfs.jar:/Library/Java/JavaVirtualMachines/jdk1.8.0_121.jdk/Contents/Home/jre/lib/javaws.jar:/Library/Java/JavaVirtualMachines/jdk1.8.0_121.jdk/Contents/Home/jre/lib/jce.jar:/Library/Java/JavaVirtualMachines/jdk1.8.0_121.jdk/Contents/Home/jre/lib/jfr.jar:/Library/Java/JavaVirtualMachines/jdk1.8.0_121.jdk/Contents/Home/jre/lib/jfxswt.jar:/Library/Java/JavaVirtualMachines/jdk1.8.0_121.jdk/Contents/Home/jre/lib/jsse.jar:/Library/Java/JavaVirtualMachines/jdk1.8.0_121.jdk/Contents/Home/jre/lib/management-agent.jar:/Library/Java/JavaVirtualMachines/jdk1.8.0_121.jdk/Contents/Home/jre/lib/plugin.jar:/Library/Java/JavaVirtualMachines/jdk1.8.0_121.jdk/Contents/Home/jre/lib/resources.jar:/Library/Java/JavaVirtualMachines/jdk1.8.0_121.jdk/Contents/Home/jre/lib/rt.jar:/Library/Java/JavaVirtualMachines/jdk1.8.0_121.jdk/Contents/Home/lib/ant-javafx.jar:/Library/Java/JavaVirtualMachines/jdk1.8.0_121.jdk/Contents/Home
Launcher Type: SUN_STANDARD

Environment Variables:
PATH=/usr/local/bin:/usr/bin:/bin:/usr/sbin:/sbin:/Library/TeX/texbin
SHELL=/bin/zsh

Signal Handlers:
SIGSEGV: [libjvm.dylib+0x5b1141], sa_mask[0]=11111111011111110111111111111111, sa_flags=SA_ONSTACK|SA_RESTART|SA_SIGINFO
SIGBUS: [libjvm.dylib+0x5b1141], sa_mask[0]=11111111011111110111111111111111, sa_flags=SA_RESTART|SA_SIGINFO
SIGFPE: [libjvm.dylib+0x487bc4], sa_mask[0]=11111111011111110111111111111111, sa_flags=SA_RESTART|SA_SIGINFO
SIGPIPE: [libjvm.dylib+0x487bc4], sa_mask[0]=11111111011111110111111111111111, sa_flags=SA_RESTART|SA_SIGINFO
SIGXFSZ: [libjvm.dylib+0x487bc4], sa_mask[0]=11111111011111110111111111111111, sa_flags=SA_RESTART|SA_SIGINFO
SIGILL: [libjvm.dylib+0x487bc4], sa_mask[0]=11111111011111110111111111111111, sa_flags=SA_RESTART|SA_SIGINFO
SIGUSR1: SIG_DFL, sa_mask[0]=00000000000000000000000000000000, sa_flags=none
SIGUSR2: [libjvm.dylib+0x4876e2], sa_mask[0]=00100000000000000000000000000000, sa_flags=SA_RESTART|SA_SIGINFO
SIGHUP: [libjvm.dylib+0x485cb9], sa_mask[0]=11111111011111110111111111111111, sa_flags=SA_RESTART|SA_SIGINFO
SIGINT: [libjvm.dylib+0x485cb9], sa_mask[0]=11111111011111110111111111111111, sa_flags=SA_RESTART|SA_SIGINFO
SIGTERM: [libjvm.dylib+0x485cb9], sa_mask[0]=11111111011111110111111111111111, sa_flags=SA_RESTART|SA_SIGINFO
SIGQUIT: [libjvm.dylib+0x485cb9], sa_mask[0]=11111111011111110111111111111111, sa_flags=SA_RESTART|SA_SIGINFO


---------------  S Y S T E M  ---------------

OS:Bsduname:Darwin 17.0.0 Darwin Kernel Version 17.0.0: Thu Aug 24 21:48:19 PDT 2017; root:xnu-4570.1.46~2/RELEASE_X86_64 x86_64
rlimit: STACK 8192k, CORE 0k, NPROC 709, NOFILE 10240, AS infinity
load average:1.89 3.30 3.85

CPU:total 4 (2 cores per cpu, 2 threads per core) family 6 model 61 stepping 4, cmov, cx8, fxsr, mmx, sse, sse2, sse3, ssse3, sse4.1, sse4.2, popcnt, avx, avx2, aes, clmul, erms, 3dnowpref, lzcnt, ht, tsc, tscinvbit, bmi1, bmi2, adx

Memory: 4k page, physical 8388608k(2080308k free)

/proc/meminfo:


vm_info: Java HotSpot(TM) 64-Bit Server VM (25.121-b13) for bsd-amd64 JRE (1.8.0_121-b13), built on Dec 12 2016 20:39:32 by "java_re" with gcc 4.2.1 (Based on Apple Inc. build 5658) (LLVM build 2336.11.00)

time: Fri Nov  3 20:48:45 2017
elapsed time: 0 seconds (0d 0h 0m 0s)

