position log, x  y  z  heading  pitch  roll
0.01: 0.0 0.0 -0.099999994 0.0 0.0 0.0
0.02: 0.0 -0.001 -0.19999999 0.0 0.0 0.0
0.03: 0.0 -0.0029978002 -0.29999998 -0.0 -5.1336756E-6 0.0
0.04: 0.0 -0.0059912065 -0.39999998 -0.0 -2.050963E-5 0.0
0.049999997: 0.0 -0.009978034 -0.49999997 -0.0 -5.1210838E-5 0.0
0.059999995: 0.0 -0.014956104 -0.59999996 -0.0 -1.02294056E-4 0.0
0.06999999: 0.0 -0.020923246 -0.6999999 -0.0 -1.7878917E-4 0.0
0.07999999: 0.0 -0.027877295 -0.79999995 -0.0 -2.8569845E-4 0.0
0.08999999: 0.0 -0.0358161 -0.9 -0.0 -4.2799578E-4 0.0
0.09999999: 0.0 -0.044737514 -1.0 -0.0 -6.1062584E-4 0.0
0.109999985: 0.0 -0.0546394 -1.1 -0.0 -8.3850336E-4 0.0
0.11999998: 0.0 -0.06551963 -1.2 -0.0 -0.0011165114 0.0
0.12999998: 0.0 -0.07737609 -1.3000001 -0.0 -0.0014495018 0.0
0.13999999: 0.0 -0.09020667 -1.4000002 -0.0 -0.0018422927 0.0
0.14999999: 0.0 -0.10400927 -1.5000004 -0.0 -0.0022996678 0.0
0.16: 0.0 -0.11878181 -1.6000006 -0.0 -0.002826376 0.0
0.17: 0.0 -0.13452221 -1.7000009 -0.0 -0.003427128 0.0
0.18: 0.0 -0.15122843 -1.8000013 -0.0 -0.0041065984 0.0
0.19000001: 0.0 -0.1688984 -1.9000019 -0.0 -0.0048694215 0.0
0.20000002: 0.0 -0.1875301 -2.0000026 -0.0 -0.00572019 0.0
0.21000002: 0.0 -0.20712149 -2.1000037 -0.0 -0.006663458 0.0
0.22000003: 0.0 -0.22767058 -2.200005 -0.0 -0.007703733 0.0
0.23000003: 0.0 -0.24917538 -2.3000066 -0.0 -0.008845481 0.0
0.24000004: 0.0 -0.27163392 -2.4000087 -0.0 -0.01009312 0.0
0.25000003: 0.0 -0.29504424 -2.5000112 -0.0 -0.011451022 0.0
0.26000002: 0.0 -0.3194044 -2.6000142 -0.0 -0.012923513 0.0
0.27: 0.0 -0.34471247 -2.700018 -0.0 -0.014514866 0.0
0.28: 0.0 -0.37096655 -2.8000226 -0.0 -0.016229313 0.0
0.29: 0.0 -0.3981648 -2.900028 -0.0 -0.018071022 0.0
0.29999998: 0.0 -0.42630535 -3.0000346 -0.0 -0.020044124 0.0
0.30999997: 0.0 -0.45538634 -3.1000423 -0.0 -0.02215269 0.0
0.31999996: 0.0 -0.48540598 -3.2000513 -0.0 -0.024400743 0.0
0.32999995: 0.0 -0.5163625 -3.300062 -0.0 -0.026792258 0.0
0.33999994: 0.0 -0.54825413 -3.4000742 -0.0 -0.029331148 0.0
0.34999993: 0.0 -0.5810791 -3.5000885 -0.0 -0.032021288 0.0
0.35999992: 0.0 -0.6148358 -3.6001048 -0.0 -0.034866493 0.0
0.36999992: 0.0 -0.64952254 -3.7001238 -0.0 -0.037870534 0.0
0.3799999: 0.0 -0.6851376 -3.8001454 -0.0 -0.041037142 0.0
0.3899999: 0.0 -0.7216795 -3.90017 -0.0 -0.044370003 0.0
0.3999999: 0.0 -0.7591466 -4.000198 -0.0 -0.047872737 0.0
0.40999988: 0.0 -0.7975373 -4.1002293 -0.0 -0.05154896 0.0
0.41999987: 0.0 -0.8368503 -4.200265 -0.0 -0.055402216 0.0
0.42999986: 0.0 -0.87708396 -4.300305 -0.0 -0.059436038 0.0
0.43999985: 0.0 -0.918237 -4.4003496 -0.0 -0.06365394 0.0
0.44999984: 0.0 -0.96030796 -4.5003996 -0.0 -0.06805937 0.0
0.45999983: 0.0 -1.0032955 -4.6004553 -0.0 -0.072655804 0.0
0.46999982: 0.0 -1.0471985 -4.700517 -0.0 -0.07744668 0.0
0.4799998: 0.0 -1.0920156 -4.8005857 -0.0 -0.0824354 0.0
0.4899998: 0.0 -1.1377456 -4.9006615 -0.0 -0.08762542 0.0
0.4999998: 0.0 -1.1843874 -5.000745 -0.0 -0.09302014 0.0
0.5099998: 0.0 -1.23194 -5.1008363 -0.0 -0.098623045 0.0
0.5199998: 0.0 -1.2804024 -5.200937 -0.0 -0.10443756 0.0
0.5299998: 0.0 -1.3297735 -5.301047 -0.0 -0.11046717 0.0
0.5399998: 0.0 -1.3800526 -5.401167 -0.0 -0.116715424 0.0
0.5499998: 0.0 -1.4312387 -5.501298 -0.0 -0.12318584 0.0
0.55999976: 0.0 -1.483331 -5.6014404 -0.0 -0.12988204 0.0
0.56999975: 0.0 -1.5363289 -5.7015953 -0.0 -0.13680768 0.0
0.57999974: 0.0 -1.5902318 -5.801763 -0.0 -0.14396648 0.0
0.58999974: 0.0 -1.6450391 -5.9019446 -0.0 -0.15136223 0.0
0.5999997: 0.0 -1.7007502 -6.0021405 -0.0 -0.1589988 0.0
0.6099997: 0.0 -1.7573649 -6.1023517 -0.0 -0.16688016 0.0
0.6199997: 0.0 -1.8148826 -6.202579 -0.0 -0.17501038 0.0
0.6299997: 0.0 -1.8733033 -6.302823 -0.0 -0.18339355 0.0
0.6399997: 0.0 -1.9326267 -6.403085 -0.0 -0.19203395 0.0
0.6499997: 0.0 -1.9928528 -6.503366 -0.0 -0.20093593 0.0
0.65999967: 0.0 -2.0539815 -6.603666 -0.0 -0.21010396 0.0
0.66999966: 0.0 -2.1160128 -6.703986 -0.0 -0.21954253 0.0
0.67999965: 0.0 -2.178947 -6.8043275 -0.0 -0.22925638 0.0
0.68999964: 0.0 -2.2427843 -6.904691 -0.0 -0.2392502 0.0
0.69999963: 0.0 -2.3075252 -7.005078 -0.0 -0.2495289 0.0
0.7099996: 0.0 -2.37317 -7.1054883 -0.0 -0.26009738 0.0
0.7199996: 0.0 -2.4397192 -7.205923 -0.0 -0.2709606 0.0
0.7299996: 0.0 -2.5071735 -7.3063836 -0.0 -0.28212368 0.0
0.7399996: 0.0 -2.5755339 -7.4068704 -0.0 -0.29359165 0.0
0.7499996: 0.0 -2.644801 -7.507384 -0.0 -0.30536953 0.0
0.7599996: 0.0 -2.7149756 -7.6079254 -0.0 -0.31746238 0.0
0.76999956: 0.0 -2.786059 -7.7084956 -0.0 -0.32987523 0.0
0.77999955: 0.0 -2.858052 -7.8090954 -0.0 -0.34261292 0.0
0.78999954: 0.0 -2.9309564 -7.909725 -0.0 -0.35568017 0.0
0.79999954: 0.0 -3.0047731 -8.0103855 -0.0 -0.36908153 0.0
0.8099995: 0.0 -3.0795038 -8.111077 -0.0 -0.38282114 0.0
0.8199995: 0.0 -3.15515 -8.211801 -0.0 -0.39690298 0.0
0.8299995: 0.0 -3.231713 -8.312556 -0.0 -0.4113305 0.0
0.8399995: 0.0 -3.309195 -8.413344 -0.0 -0.42610678 0.0
0.8499995: 0.0 -3.3875978 -8.514166 -0.0 -0.44123408 0.0
0.8599995: 0.0 -3.4669235 -8.615021 -0.0 -0.45671412 0.0
0.86999947: 0.0 -3.5471737 -8.71591 -0.0 -0.47254795 0.0
0.87999946: 0.0 -3.628351 -8.816833 -0.0 -0.48873562 0.0
0.88999945: 0.0 -3.7104576 -8.917789 -0.0 -0.505276 0.0
0.89999944: 0.0 -3.7934957 -9.01878 -0.0 -0.52216715 0.0
0.90999943: 0.0 -3.8774676 -9.119804 -0.0 -0.5394057 0.0
0.9199994: 0.0 -3.962376 -9.220862 -0.0 -0.55698675 0.0
0.9299994: 0.0 -4.048224 -9.321954 -0.0 -0.57490426 0.0
0.9399994: 0.0 -4.1350136 -9.423078 -0.0 -0.59315044 0.0
0.9499994: 0.0 -4.222748 -9.524234 -0.0 -0.6117157 0.0
0.9599994: 0.0 -4.3114295 -9.625422 -0.0 -0.6305886 0.0
0.9699994: 0.0 -4.4010615 -9.726641 -0.0 -0.6497559 0.0
0.97999936: 0.0 -4.491647 -9.827889 -0.0 -0.66920245 0.0
0.98999935: 0.0 -4.5831885 -9.929167 -0.0 -0.6889107 0.0
0.99999934: 0.0 -4.6756897 -10.030472 -0.0 -0.70886153 0.0
1.0099994: 0.0 -4.7691536 -10.1318035 -0.0 -0.7290333 0.0
1.0199994: 0.0 -4.863583 -10.23316 -0.0 -0.7494026 0.0
1.0299994: 0.0 -4.9589815 -10.334539 -0.0 -0.7699439 0.0
1.0399994: 0.0 -5.055352 -10.43594 -0.0 -0.7906296 0.0
1.0499994: 0.0 -5.1526985 -10.53736 -0.0 -0.81143045 0.0
1.0599993: 0.0 -5.2510233 -10.638798 -0.0 -0.83231556 0.0
1.0699993: 0.0 -5.3503304 -10.740251 -0.0 -0.85325223 0.0
1.0799993: 0.0 -5.4506226 -10.841716 -0.0 -0.8742069 0.0
1.0899993: 0.0 -5.5519037 -10.943192 -0.0 -0.8951447 0.0
1.0999993: 0.0 -5.6541767 -11.044674 -0.0 -0.91603005 0.0
1.1099993: 0.0 -5.757445 -11.146161 -0.0 -0.93682677 0.0
1.1199993: 0.0 -5.8617115 -11.24765 -0.0 -0.95749867 0.0
1.1299993: 0.0 -5.9669795 -11.349137 -0.0 -0.9780095 0.0
1.1399993: 0.0 -6.073252 -11.45062 -0.0 -0.9983234 0.0
1.1499993: 0.0 -6.180533 -11.5520935 -0.0 -1.0184053 0.0
1.1599993: 0.0 -6.2888246 -11.653556 -0.0 -1.0382212 0.0
1.1699992: 0.0 -6.39813 -11.755003 -0.0 -1.0577381 0.0
1.1799992: 0.0 -6.508452 -11.85643 -0.0 -1.0769247 0.0
1.1899992: 0.0 -6.6197934 -11.957834 -0.0 -1.0957513 0.0
1.1999992: 0.0 -6.732157 -12.059211 -0.0 -1.1141906 0.0
1.2099992: 0.0 -6.8455462 -12.160556 -0.0 -1.1322166 0.0
1.2199992: 0.0 -6.959963 -12.261865 -0.0 -1.1498065 0.0
1.2299992: 0.0 -7.0754094 -12.363133 -0.0 -1.1669393 0.0
1.2399992: 0.0 -7.191889 -12.464357 -0.0 -1.1835963 0.0
1.2499992: 0.0 -7.309403 -12.565532 -0.0 -1.1997615 0.0
1.2599992: 0.0 -7.427954 -12.666653 -0.0 -1.2154216 0.0
1.2699991: 0.0 -7.5475445 -12.767715 -0.0 -1.2305652 0.0
1.2799991: 0.0 -7.6681757 -12.868714 -0.0 -1.2451833 0.0
1.2899991: 0.0 -7.7898498 -12.9696455 -0.0 -1.2592697 0.0
1.2999991: 0.0 -7.912568 -13.070504 -0.0 -1.27282 0.0
1.3099991: 0.0 -8.036333 -13.171286 -0.0 -1.285832 0.0
1.3199991: 0.0 -8.161145 -13.271985 -0.0 -1.2983054 0.0
1.3299991: 0.0 -8.287006 -13.372599 -0.0 -1.3102417 0.0
1.3399991: 0.0 -8.4139185 -13.473121 -0.0 -1.3216443 0.0
1.3499991: 0.0 -8.541882 -13.573546 -0.0 -1.332518 0.0
1.3599991: 0.0 -8.6708975 -13.673872 -0.0 -1.3428687 0.0
1.369999: 0.0 -8.800967 -13.774093 -0.0 -1.3527042 0.0
1.379999: 0.0 -8.932091 -13.874204 -0.0 -1.3620328 0.0
1.389999: 0.0 -9.06427 -13.974201 -0.0 -1.3708638 0.0
1.399999: 0.0 -9.197505 -14.07408 -0.0 -1.3792077 0.0
1.409999: 0.0 -9.331797 -14.173839 -0.0 -1.3870753 0.0
1.419999: 0.0 -9.467145 -14.273471 -0.0 -1.3944778 0.0
1.429999: 0.0 -9.60355 -14.372973 -0.0 -1.4014273 0.0
1.439999: 0.0 -9.741013 -14.4723425 -0.0 -1.4079357 0.0
1.449999: 0.0 -9.879533 -14.571574 -0.0 -1.4140154 0.0
1.459999: 0.0 -10.019112 -14.670666 -0.0 -1.4196784 0.0
1.469999: 0.0 -10.159748 -14.769614 -0.0 -1.4249372 0.0
1.479999: 0.0 -10.301443 -14.868417 -0.0 -1.4298038 0.0
1.4899989: 0.0 -10.444196 -14.967071 -0.0 -1.43429 0.0
1.4999989: 0.0 -10.588007 -15.065573 -0.0 -1.4384077 0.0
1.5099989: 0.0 -10.732876 -15.163921 -0.0 -1.4421676 0.0
1.5199989: 0.0 -10.878802 -15.262115 -0.0 -1.4455811 0.0
1.5299989: 0.0 -11.025786 -15.36015 -0.0 -1.448658 0.0
1.5399989: 0.0 -11.173828 -15.458028 -0.0 -1.4514083 0.0
1.5499989: 0.0 -11.3229265 -15.555745 -0.0 -1.4538411 0.0
1.5599989: 0.0 -11.473083 -15.653301 -0.0 -1.455965 0.0
1.5699989: 0.0 -11.624294 -15.750695 -0.0 -1.4577882 0.0
1.5799989: 0.0 -11.776563 -15.847927 -0.0 -1.459318 0.0
1.5899988: 0.0 -11.929887 -15.944997 -0.0 -1.460561 0.0
1.5999988: 0.0 -12.084267 -16.041904 -0.0 -1.4615233 0.0
1.6099988: 0.0 -12.239701 -16.138649 -0.0 -1.4622104 0.0
1.6199988: 0.0 -12.396191 -16.235233 -0.0 -1.4626272 0.0
1.6299988: 0.0 -12.553735 -16.331657 -0.0 -1.4627777 0.0
1.6399988: 0.0 -12.712332 -16.427923 -0.0 -1.4626659 0.0
1.6499988: 0.0 -12.871983 -16.524033 -0.0 -1.4622949 0.0
1.6599988: 0.0 -13.032686 -16.619986 -0.0 -1.4616673 0.0
1.6699988: 0.0 -13.194442 -16.715786 -0.0 -1.4607855 0.0
1.6799988: 0.0 -13.357248 -16.811436 -0.0 -1.4596514 0.0
1.6899987: 0.0 -13.521106 -16.906939 -0.0 -1.4582666 0.0
1.6999987: 0.0 -13.686013 -17.002296 -0.0 -1.4566325 0.0
1.7099987: 0.0 -13.85197 -17.097515 -0.0 -1.4547505 0.0
1.7199987: 0.0 -14.018974 -17.192596 -0.0 -1.4526217 0.0
1.7299987: 0.0 -14.187026 -17.287544 -0.0 -1.4502474 0.0
1.7399987: 0.0 -14.356124 -17.382362 -0.0 -1.4476289 0.0
1.7499987: 0.0 -14.526267 -17.477057 -0.0 -1.4447677 0.0
1.7599987: 0.0 -14.6974535 -17.571632 -0.0 -1.4416658 0.0
1.7699987: 0.0 -14.869682 -17.666094 -0.0 -1.4383253 0.0
1.7799987: 0.0 -15.042953 -17.760447 -0.0 -1.434749 0.0
1.7899987: 0.0 -15.217262 -17.854696 -0.0 -1.4309402 0.0
1.7999986: 0.0 -15.39261 -17.948849 -0.0 -1.4269029 0.0
1.8099986: 0.0 -15.568993 -18.04291 -0.0 -1.4226419 0.0
1.8199986: 0.0 -15.746409 -18.136887 -0.0 -1.4181627 0.0
1.8299986: 0.0 -15.924858 -18.230785 -0.0 -1.413472 0.0
1.8399986: 0.0 -16.104338 -18.324612 -0.0 -1.4085774 0.0
1.8499986: 0.0 -16.284843 -18.418373 -0.0 -1.4034877 0.0
1.8599986: 0.0 -16.466373 -18.512077 -0.0 -1.3982124 0.0
1.8699986: 0.0 -16.648926 -18.60573 -0.0 -1.3927627 0.0
1.8799986: 0.0 -16.832499 -18.69934 -0.0 -1.3871506 0.0
1.8899986: 0.0 -17.017086 -18.792915 -0.0 -1.38139 0.0
1.8999985: 0.0 -17.202688 -18.886461 -0.0 -1.3754954 0.0
1.9099985: 0.0 -17.3893 -18.979986 -0.0 -1.3694829 0.0
1.9199985: 0.0 -17.576918 -19.073498 -0.0 -1.3633698 0.0
1.9299985: 0.0 -17.76554 -19.167004 -0.0 -1.3571746 0.0
1.9399985: 0.0 -17.955158 -19.260511 -0.0 -1.3509172 0.0
1.9499985: 0.0 -18.145773 -19.354027 -0.0 -1.3446183 0.0
1.9599985: 0.0 -18.33738 -19.44756 -0.0 -1.3382999 0.0
1.9699985: 0.0 -18.529974 -19.541117 -0.0 -1.3319846 0.0
1.9799985: 0.0 -18.72355 -19.634706 -0.0 -1.3256966 0.0
1.9899985: 0.0 -18.918108 -19.728334 -0.0 -1.3194599 0.0
1.9999985: 0.0 -19.11364 -19.82201 -0.0 -1.3132997 0.0
2.0099986: 0.0 -19.310143 -19.91574 -0.0 -1.3072416 0.0
2.0199986: 0.0 -19.50761 -20.00953 -0.0 -1.3013114 0.0
2.0299985: 0.0 -19.706041 -20.103386 -0.0 -1.2955351 0.0
2.0399985: 0.0 -19.90543 -20.197317 -0.0 -1.2899388 0.0
2.0499985: 0.0 -20.105772 -20.291328 -0.0 -1.2845483 0.0
2.0599985: 0.0 -20.307062 -20.385427 -0.0 -1.2793891 0.0
2.0699985: 0.0 -20.509298 -20.47962 -0.0 -1.2744863 0.0
2.0799985: 0.0 -20.712475 -20.573912 -0.0 -1.2698641 0.0
2.0899985: 0.0 -20.916588 -20.668306 -0.0 -1.2655461 0.0
2.0999985: 0.0 -21.121635 -20.762812 -0.0 -1.2615546 0.0
2.1099985: 0.0 -21.327612 -20.857431 -0.0 -1.2579112 0.0
2.1199985: 0.0 -21.534515 -20.952171 -0.0 -1.2546358 0.0
2.1299984: 0.0 -21.742342 -21.047035 -0.0 -1.2517469 0.0
2.1399984: 0.0 -21.951088 -21.142027 -0.0 -1.2492616 0.0
2.1499984: 0.0 -22.160751 -21.23715 -0.0 -1.2471951 0.0
2.1599984: 0.0 -22.37133 -21.332409 -0.0 -1.2455611 0.0
2.1699984: 0.0 -22.58282 -21.427807 -0.0 -1.2443709 0.0
2.1799984: 0.0 -22.795221 -21.523346 -0.0 -1.2436341 0.0
2.1899984: 0.0 -23.008532 -21.619028 -0.0 -1.2433583 0.0
2.1999984: 0.0 -23.22275 -21.714857 -0.0 -1.2435485 0.0
2.2099984: 0.0 -23.437874 -21.810833 -0.0 -1.244208 0.0
2.2199984: 0.0 -23.653904 -21.906958 -0.0 -1.2453374 0.0
2.2299984: 0.0 -23.870838 -22.003233 -0.0 -1.2469354 0.0
2.2399983: 0.0 -24.088678 -22.099659 -0.0 -1.2489979 0.0
2.2499983: 0.0 -24.307425 -22.196236 -0.0 -1.2515192 0.0
2.2599983: 0.0 -24.527077 -22.292961 -0.0 -1.2544906 0.0
2.2699983: 0.0 -24.747637 -22.389837 -0.0 -1.2579014 0.0
2.2799983: 0.0 -24.969105 -22.486862 -0.0 -1.2617388 0.0
2.2899983: 0.0 -25.191483 -22.584032 -0.0 -1.2659874 0.0
2.2999983: 0.0 -25.414772 -22.681347 -0.0 -1.2706302 0.0
2.3099983: 0.0 -25.638977 -22.778805 -0.0 -1.2756479 0.0
2.3199983: 0.0 -25.8641 -22.876402 -0.0 -1.2810193 0.0
2.3299983: 0.0 -26.090141 -22.974134 -0.0 -1.2867218 0.0
2.3399982: 0.0 -26.317106 -23.072 -0.0 -1.2927307 0.0
2.3499982: 0.0 -26.544998 -23.169994 -0.0 -1.29902 0.0
2.3599982: 0.0 -26.773819 -23.268112 -0.0 -1.3055627 0.0
2.3699982: 0.0 -27.003574 -23.366348 -0.0 -1.3123305 0.0
2.3799982: 0.0 -27.234268 -23.464697 -0.0 -1.3192942 0.0
2.3899982: 0.0 -27.465904 -23.563152 -0.0 -1.3264241 0.0
2.3999982: 0.0 -27.698486 -23.661709 -0.0 -1.33369 0.0
2.4099982: 0.0 -27.93202 -23.760359 -0.0 -1.3410614 0.0
2.4199982: 0.0 -28.166508 -23.859097 -0.0 -1.348508 0.0
2.4299982: 0.0 -28.401957 -23.957912 -0.0 -1.3559998 0.0
2.4399981: 0.0 -28.63837 -24.0568 -0.0 -1.3635073 0.0
2.4499981: 0.0 -28.875753 -24.155752 -0.0 -1.3710014 0.0
2.4599981: 0.0 -29.114109 -24.254759 -0.0 -1.3784543 0.0
2.4699981: 0.0 -29.353443 -24.353811 -0.0 -1.3858392 0.0
2.479998: 0.0 -29.593761 -24.452902 -0.0 -1.3931305 0.0
2.489998: 0.0 -29.835068 -24.552021 -0.0 -1.4003043 0.0
2.499998: 0.0 -30.077366 -24.65116 -0.0 -1.4073378 0.0
2.509998: 0.0 -30.32066 -24.750305 -0.0 -1.4142104 0.0
2.519998: 0.0 -30.564953 -24.849451 -0.0 -1.420903 0.0
2.529998: 0.0 -30.810251 -24.948587 -0.0 -1.4273984 0.0
2.539998: 0.0 -31.056557 -25.047703 -0.0 -1.4336812 0.0
2.549998: 0.0 -31.303875 -25.146788 -0.0 -1.4397384 0.0
2.559998: 0.0 -31.552208 -25.245834 -0.0 -1.445558 0.0
2.569998: 0.0 -31.801558 -25.344831 -0.0 -1.4511305 0.0
2.579998: 0.0 -32.05193 -25.44377 -0.0 -1.4564482 0.0
2.589998: 0.0 -32.303326 -25.542639 -0.0 -1.4615047 0.0
2.599998: 0.0 -32.555748 -25.64143 -0.0 -1.4662958 0.0
2.609998: 0.0 -32.8092 -25.740135 -0.0 -1.4708184 0.0
2.619998: 0.0 -33.063683 -25.838745 -0.0 -1.4750708 0.0
2.629998: 0.0 -33.3192 -25.93725 -0.0 -1.4790531 0.0
2.639998: 0.0 -33.57575 -26.035645 -0.0 -1.4827662 0.0
2.649998: 0.0 -33.833332 -26.133919 -0.0 -1.4862118 0.0
2.659998: 0.0 -34.091953 -26.232067 -0.0 -1.4893928 0.0
2.669998: 0.0 -34.351616 -26.330082 -0.0 -1.4923127 0.0
2.679998: 0.0 -34.612316 -26.427958 -0.0 -1.4949758 0.0
2.689998: 0.0 -34.874058 -26.525688 -0.0 -1.4973866 0.0
2.699998: 0.0 -35.13684 -26.623268 -0.0 -1.49955 0.0
2.709998: 0.0 -35.400665 -26.720695 -0.0 -1.5014713 0.0
2.719998: 0.0 -35.665535 -26.817965 -0.0 -1.5031555 0.0
2.7299979: 0.0 -35.931446 -26.915071 -0.0 -1.504608 0.0
2.7399979: 0.0 -36.1984 -27.012016 -0.0 -1.5058342 0.0
2.7499979: 0.0 -36.466396 -27.108795 -0.0 -1.5068389 0.0
2.7599978: 0.0 -36.735435 -27.205408 -0.0 -1.5076271 0.0
2.7699978: 0.0 -37.005516 -27.301855 -0.0 -1.5082035 0.0
2.7799978: 0.0 -37.276638 -27.398136 -0.0 -1.5085727 0.0
2.7899978: 0.0 -37.548805 -27.494253 -0.0 -1.5087389 0.0
2.7999978: 0.0 -37.82201 -27.590206 -0.0 -1.5087062 0.0
2.8099978: 0.0 -38.096256 -27.685999 -0.0 -1.5084785 0.0
2.8199978: 0.0 -38.371544 -27.781635 -0.0 -1.5080599 0.0
2.8299978: 0.0 -38.64787 -27.877117 -0.0 -1.507454 0.0
2.8399978: 0.0 -38.925232 -27.972452 -0.0 -1.5066649 0.0
2.8499978: 0.0 -39.203632 -28.067642 -0.0 -1.5056964 0.0
2.8599977: 0.0 -39.48307 -28.162695 -0.0 -1.5045531 0.0
2.8699977: 0.0 -39.763542 -28.257618 -0.0 -1.5032394 0.0
2.8799977: 0.0 -40.045044 -28.352417 -0.0 